0 info it worked if it ends with ok
1 verbose cli [ '/home/wjn/.nvm/versions/node/v7.4.0/bin/node',
1 verbose cli   '/home/wjn/.nvm/versions/node/v7.4.0/bin/npm',
1 verbose cli   'install' ]
2 info using npm@4.0.5
3 info using node@v7.4.0
4 silly loadCurrentTree Starting
5 silly install loadCurrentTree
6 silly install readLocalPackageData
7 silly install normalizeTree
8 silly loadCurrentTree Finishing
9 silly loadIdealTree Starting
10 silly install loadIdealTree
11 silly cloneCurrentTree Starting
12 silly install cloneCurrentTreeToIdealTree
13 silly cloneCurrentTree Finishing
14 silly loadShrinkwrap Starting
15 silly install loadShrinkwrap
16 silly loadShrinkwrap Finishing
17 silly loadAllDepsIntoIdealTree Starting
18 silly install loadAllDepsIntoIdealTree
19 silly fetchNamedPackageData postcss-loader
20 silly mapToRegistry name postcss-loader
21 silly mapToRegistry using default registry
22 silly mapToRegistry registry https://registry.npmjs.org/
23 silly mapToRegistry data Result {
23 silly mapToRegistry   raw: 'postcss-loader',
23 silly mapToRegistry   scope: null,
23 silly mapToRegistry   escapedName: 'postcss-loader',
23 silly mapToRegistry   name: 'postcss-loader',
23 silly mapToRegistry   rawSpec: '',
23 silly mapToRegistry   spec: 'latest',
23 silly mapToRegistry   type: 'tag' }
24 silly mapToRegistry uri https://registry.npmjs.org/postcss-loader
25 silly fetchNamedPackageData postcss-modules-values
26 silly mapToRegistry name postcss-modules-values
27 silly mapToRegistry using default registry
28 silly mapToRegistry registry https://registry.npmjs.org/
29 silly mapToRegistry data Result {
29 silly mapToRegistry   raw: 'postcss-modules-values',
29 silly mapToRegistry   scope: null,
29 silly mapToRegistry   escapedName: 'postcss-modules-values',
29 silly mapToRegistry   name: 'postcss-modules-values',
29 silly mapToRegistry   rawSpec: '',
29 silly mapToRegistry   spec: 'latest',
29 silly mapToRegistry   type: 'tag' }
30 silly mapToRegistry uri https://registry.npmjs.org/postcss-modules-values
31 silly fetchNamedPackageData react
32 silly mapToRegistry name react
33 silly mapToRegistry using default registry
34 silly mapToRegistry registry https://registry.npmjs.org/
35 silly mapToRegistry data Result {
35 silly mapToRegistry   raw: 'react',
35 silly mapToRegistry   scope: null,
35 silly mapToRegistry   escapedName: 'react',
35 silly mapToRegistry   name: 'react',
35 silly mapToRegistry   rawSpec: '',
35 silly mapToRegistry   spec: 'latest',
35 silly mapToRegistry   type: 'tag' }
36 silly mapToRegistry uri https://registry.npmjs.org/react
37 silly fetchNamedPackageData react-dom
38 silly mapToRegistry name react-dom
39 silly mapToRegistry using default registry
40 silly mapToRegistry registry https://registry.npmjs.org/
41 silly mapToRegistry data Result {
41 silly mapToRegistry   raw: 'react-dom',
41 silly mapToRegistry   scope: null,
41 silly mapToRegistry   escapedName: 'react-dom',
41 silly mapToRegistry   name: 'react-dom',
41 silly mapToRegistry   rawSpec: '',
41 silly mapToRegistry   spec: 'latest',
41 silly mapToRegistry   type: 'tag' }
42 silly mapToRegistry uri https://registry.npmjs.org/react-dom
43 verbose request uri https://registry.npmjs.org/postcss-loader
44 verbose request no auth needed
45 info attempt registry request try #1 at 17:59:16
46 verbose request id da0093af27e873ff
47 verbose etag W/"58fc7001-d820"
48 verbose lastModified Sun, 23 Apr 2017 09:12:33 GMT
49 http request GET https://registry.npmjs.org/postcss-loader
50 verbose request uri https://registry.npmjs.org/postcss-modules-values
51 verbose request no auth needed
52 info attempt registry request try #1 at 17:59:16
53 verbose etag W/"5843a5b5-3b09"
54 verbose lastModified Sun, 04 Dec 2016 05:12:21 GMT
55 http request GET https://registry.npmjs.org/postcss-modules-values
56 verbose request uri https://registry.npmjs.org/react-dom
57 verbose request no auth needed
58 info attempt registry request try #1 at 17:59:16
59 verbose etag W/"58feac78-18662"
60 verbose lastModified Tue, 25 Apr 2017 01:55:04 GMT
61 http request GET https://registry.npmjs.org/react-dom
62 verbose request uri https://registry.npmjs.org/react
63 verbose request no auth needed
64 info attempt registry request try #1 at 17:59:16
65 verbose etag W/"5900b01b-2a0a8"
66 verbose lastModified Wed, 26 Apr 2017 14:35:07 GMT
67 http request GET https://registry.npmjs.org/react
68 http 304 https://registry.npmjs.org/postcss-modules-values
69 verbose headers { date: 'Thu, 27 Apr 2017 09:59:17 GMT',
69 verbose headers   via: '1.1 varnish',
69 verbose headers   'cache-control': 'max-age=300',
69 verbose headers   etag: 'W/"5843a5b5-3b09"',
69 verbose headers   age: '244',
69 verbose headers   connection: 'keep-alive',
69 verbose headers   'x-served-by': 'cache-hkg6821-HKG',
69 verbose headers   'x-cache': 'HIT',
69 verbose headers   'x-cache-hits': '5',
69 verbose headers   'x-timer': 'S1493287157.057214,VS0,VE0',
69 verbose headers   vary: 'Accept-Encoding' }
70 silly get cb [ 304,
70 silly get   { date: 'Thu, 27 Apr 2017 09:59:17 GMT',
70 silly get     via: '1.1 varnish',
70 silly get     'cache-control': 'max-age=300',
70 silly get     etag: 'W/"5843a5b5-3b09"',
70 silly get     age: '244',
70 silly get     connection: 'keep-alive',
70 silly get     'x-served-by': 'cache-hkg6821-HKG',
70 silly get     'x-cache': 'HIT',
70 silly get     'x-cache-hits': '5',
70 silly get     'x-timer': 'S1493287157.057214,VS0,VE0',
70 silly get     vary: 'Accept-Encoding' } ]
71 verbose etag https://registry.npmjs.org/postcss-modules-values from cache
72 verbose get saving postcss-modules-values to /home/wjn/.npm/registry.npmjs.org/postcss-modules-values/.cache.json
73 verbose correctMkdir /home/wjn/.npm correctMkdir not in flight; initializing
74 http 304 https://registry.npmjs.org/postcss-loader
75 verbose headers { date: 'Thu, 27 Apr 2017 09:59:17 GMT',
75 verbose headers   via: '1.1 varnish',
75 verbose headers   'cache-control': 'max-age=300',
75 verbose headers   etag: 'W/"58fc7001-d820"',
75 verbose headers   age: '179',
75 verbose headers   connection: 'keep-alive',
75 verbose headers   'x-served-by': 'cache-hkg6820-HKG',
75 verbose headers   'x-cache': 'HIT',
75 verbose headers   'x-cache-hits': '2',
75 verbose headers   'x-timer': 'S1493287157.067579,VS0,VE0',
75 verbose headers   vary: 'Accept-Encoding' }
76 silly get cb [ 304,
76 silly get   { date: 'Thu, 27 Apr 2017 09:59:17 GMT',
76 silly get     via: '1.1 varnish',
76 silly get     'cache-control': 'max-age=300',
76 silly get     etag: 'W/"58fc7001-d820"',
76 silly get     age: '179',
76 silly get     connection: 'keep-alive',
76 silly get     'x-served-by': 'cache-hkg6820-HKG',
76 silly get     'x-cache': 'HIT',
76 silly get     'x-cache-hits': '2',
76 silly get     'x-timer': 'S1493287157.067579,VS0,VE0',
76 silly get     vary: 'Accept-Encoding' } ]
77 verbose etag https://registry.npmjs.org/postcss-loader from cache
78 verbose get saving postcss-loader to /home/wjn/.npm/registry.npmjs.org/postcss-loader/.cache.json
79 verbose correctMkdir /home/wjn/.npm correctMkdir not in flight; initializing
80 silly resolveWithNewModule postcss-modules-values@1.2.2 checking installable status
81 silly cache add args [ 'postcss-modules-values@^1.2.2', null ]
82 verbose cache add spec postcss-modules-values@^1.2.2
83 silly cache add parsed spec Result {
83 silly cache add   raw: 'postcss-modules-values@^1.2.2',
83 silly cache add   scope: null,
83 silly cache add   escapedName: 'postcss-modules-values',
83 silly cache add   name: 'postcss-modules-values',
83 silly cache add   rawSpec: '^1.2.2',
83 silly cache add   spec: '>=1.2.2 <2.0.0',
83 silly cache add   type: 'range' }
84 silly addNamed postcss-modules-values@>=1.2.2 <2.0.0
85 verbose addNamed ">=1.2.2 <2.0.0" is a valid semver range for postcss-modules-values
86 silly addNameRange { name: 'postcss-modules-values',
86 silly addNameRange   range: '>=1.2.2 <2.0.0',
86 silly addNameRange   hasData: false }
87 silly mapToRegistry name postcss-modules-values
88 silly mapToRegistry using default registry
89 silly mapToRegistry registry https://registry.npmjs.org/
90 silly mapToRegistry data Result {
90 silly mapToRegistry   raw: 'postcss-modules-values',
90 silly mapToRegistry   scope: null,
90 silly mapToRegistry   escapedName: 'postcss-modules-values',
90 silly mapToRegistry   name: 'postcss-modules-values',
90 silly mapToRegistry   rawSpec: '',
90 silly mapToRegistry   spec: 'latest',
90 silly mapToRegistry   type: 'tag' }
91 silly mapToRegistry uri https://registry.npmjs.org/postcss-modules-values
92 verbose addNameRange registry:https://registry.npmjs.org/postcss-modules-values not in flight; fetching
93 silly resolveWithNewModule postcss-loader@1.3.3 checking installable status
94 silly cache add args [ 'postcss-loader@^1.3.3', null ]
95 verbose cache add spec postcss-loader@^1.3.3
96 silly cache add parsed spec Result {
96 silly cache add   raw: 'postcss-loader@^1.3.3',
96 silly cache add   scope: null,
96 silly cache add   escapedName: 'postcss-loader',
96 silly cache add   name: 'postcss-loader',
96 silly cache add   rawSpec: '^1.3.3',
96 silly cache add   spec: '>=1.3.3 <2.0.0',
96 silly cache add   type: 'range' }
97 silly addNamed postcss-loader@>=1.3.3 <2.0.0
98 verbose addNamed ">=1.3.3 <2.0.0" is a valid semver range for postcss-loader
99 silly addNameRange { name: 'postcss-loader',
99 silly addNameRange   range: '>=1.3.3 <2.0.0',
99 silly addNameRange   hasData: false }
100 silly mapToRegistry name postcss-loader
101 silly mapToRegistry using default registry
102 silly mapToRegistry registry https://registry.npmjs.org/
103 silly mapToRegistry data Result {
103 silly mapToRegistry   raw: 'postcss-loader',
103 silly mapToRegistry   scope: null,
103 silly mapToRegistry   escapedName: 'postcss-loader',
103 silly mapToRegistry   name: 'postcss-loader',
103 silly mapToRegistry   rawSpec: '',
103 silly mapToRegistry   spec: 'latest',
103 silly mapToRegistry   type: 'tag' }
104 silly mapToRegistry uri https://registry.npmjs.org/postcss-loader
105 verbose addNameRange registry:https://registry.npmjs.org/postcss-loader not in flight; fetching
106 http 304 https://registry.npmjs.org/react
107 verbose headers { date: 'Thu, 27 Apr 2017 09:59:17 GMT',
107 verbose headers   via: '1.1 varnish',
107 verbose headers   'cache-control': 'max-age=300',
107 verbose headers   etag: 'W/"5900b01b-2a0a8"',
107 verbose headers   age: '131',
107 verbose headers   connection: 'keep-alive',
107 verbose headers   'x-served-by': 'cache-hkg6823-HKG',
107 verbose headers   'x-cache': 'HIT',
107 verbose headers   'x-cache-hits': '1',
107 verbose headers   'x-timer': 'S1493287157.079686,VS0,VE1',
107 verbose headers   vary: 'Accept-Encoding' }
108 silly get cb [ 304,
108 silly get   { date: 'Thu, 27 Apr 2017 09:59:17 GMT',
108 silly get     via: '1.1 varnish',
108 silly get     'cache-control': 'max-age=300',
108 silly get     etag: 'W/"5900b01b-2a0a8"',
108 silly get     age: '131',
108 silly get     connection: 'keep-alive',
108 silly get     'x-served-by': 'cache-hkg6823-HKG',
108 silly get     'x-cache': 'HIT',
108 silly get     'x-cache-hits': '1',
108 silly get     'x-timer': 'S1493287157.079686,VS0,VE1',
108 silly get     vary: 'Accept-Encoding' } ]
109 verbose etag https://registry.npmjs.org/react from cache
110 verbose get saving react to /home/wjn/.npm/registry.npmjs.org/react/.cache.json
111 verbose correctMkdir /home/wjn/.npm correctMkdir not in flight; initializing
112 http 304 https://registry.npmjs.org/react-dom
113 verbose headers { date: 'Thu, 27 Apr 2017 09:59:17 GMT',
113 verbose headers   via: '1.1 varnish',
113 verbose headers   'cache-control': 'max-age=300',
113 verbose headers   etag: 'W/"58feac78-18662"',
113 verbose headers   age: '30',
113 verbose headers   connection: 'keep-alive',
113 verbose headers   'x-served-by': 'cache-hkg6826-HKG',
113 verbose headers   'x-cache': 'HIT',
113 verbose headers   'x-cache-hits': '2',
113 verbose headers   'x-timer': 'S1493287157.090051,VS0,VE0',
113 verbose headers   vary: 'Accept-Encoding' }
114 silly get cb [ 304,
114 silly get   { date: 'Thu, 27 Apr 2017 09:59:17 GMT',
114 silly get     via: '1.1 varnish',
114 silly get     'cache-control': 'max-age=300',
114 silly get     etag: 'W/"58feac78-18662"',
114 silly get     age: '30',
114 silly get     connection: 'keep-alive',
114 silly get     'x-served-by': 'cache-hkg6826-HKG',
114 silly get     'x-cache': 'HIT',
114 silly get     'x-cache-hits': '2',
114 silly get     'x-timer': 'S1493287157.090051,VS0,VE0',
114 silly get     vary: 'Accept-Encoding' } ]
115 verbose etag https://registry.npmjs.org/react-dom from cache
116 verbose get saving react-dom to /home/wjn/.npm/registry.npmjs.org/react-dom/.cache.json
117 verbose correctMkdir /home/wjn/.npm correctMkdir not in flight; initializing
118 verbose get https://registry.npmjs.org/postcss-modules-values not expired, no request
119 silly addNameRange number 2 { name: 'postcss-modules-values',
119 silly addNameRange   range: '>=1.2.2 <2.0.0',
119 silly addNameRange   hasData: true }
120 silly addNameRange versions [ 'postcss-modules-values',
120 silly addNameRange   [ '1.0.0',
120 silly addNameRange     '1.1.0',
120 silly addNameRange     '1.1.1',
120 silly addNameRange     '1.1.2',
120 silly addNameRange     '1.1.3',
120 silly addNameRange     '1.2.0',
120 silly addNameRange     '1.2.1',
120 silly addNameRange     '1.2.2' ] ]
121 silly addNamed postcss-modules-values@1.2.2
122 verbose addNamed "1.2.2" is a plain semver version for postcss-modules-values
123 verbose get https://registry.npmjs.org/postcss-loader not expired, no request
124 silly addNameRange number 2 { name: 'postcss-loader',
124 silly addNameRange   range: '>=1.3.3 <2.0.0',
124 silly addNameRange   hasData: true }
125 silly addNameRange versions [ 'postcss-loader',
125 silly addNameRange   [ '0.1.0',
125 silly addNameRange     '0.2.0',
125 silly addNameRange     '0.3.0',
125 silly addNameRange     '0.4.0',
125 silly addNameRange     '0.4.1',
125 silly addNameRange     '0.4.2',
125 silly addNameRange     '0.4.3',
125 silly addNameRange     '0.4.4',
125 silly addNameRange     '0.5.0',
125 silly addNameRange     '0.5.1',
125 silly addNameRange     '0.6.0',
125 silly addNameRange     '0.7.0',
125 silly addNameRange     '0.8.0',
125 silly addNameRange     '0.8.1',
125 silly addNameRange     '0.8.2',
125 silly addNameRange     '0.9.0',
125 silly addNameRange     '0.9.1',
125 silly addNameRange     '0.10.0',
125 silly addNameRange     '0.10.1',
125 silly addNameRange     '0.11.0',
125 silly addNameRange     '0.11.1',
125 silly addNameRange     '0.12.0',
125 silly addNameRange     '0.13.0',
125 silly addNameRange     '1.0.0',
125 silly addNameRange     '1.1.0',
125 silly addNameRange     '1.1.1',
125 silly addNameRange     '1.2.0',
125 silly addNameRange     '1.2.1',
125 silly addNameRange     '1.2.2',
125 silly addNameRange     '1.3.0',
125 silly addNameRange     '1.3.1',
125 silly addNameRange     '1.3.2',
125 silly addNameRange     '1.3.3' ] ]
126 silly addNamed postcss-loader@1.3.3
127 verbose addNamed "1.3.3" is a plain semver version for postcss-loader
128 silly resolveWithNewModule react@15.5.4 checking installable status
129 silly cache add args [ 'react@^15.5.2', null ]
130 verbose cache add spec react@^15.5.2
131 silly cache add parsed spec Result {
131 silly cache add   raw: 'react@^15.5.2',
131 silly cache add   scope: null,
131 silly cache add   escapedName: 'react',
131 silly cache add   name: 'react',
131 silly cache add   rawSpec: '^15.5.2',
131 silly cache add   spec: '>=15.5.2 <16.0.0',
131 silly cache add   type: 'range' }
132 silly addNamed react@>=15.5.2 <16.0.0
133 verbose addNamed ">=15.5.2 <16.0.0" is a valid semver range for react
134 silly addNameRange { name: 'react', range: '>=15.5.2 <16.0.0', hasData: false }
135 silly mapToRegistry name react
136 silly mapToRegistry using default registry
137 silly mapToRegistry registry https://registry.npmjs.org/
138 silly mapToRegistry data Result {
138 silly mapToRegistry   raw: 'react',
138 silly mapToRegistry   scope: null,
138 silly mapToRegistry   escapedName: 'react',
138 silly mapToRegistry   name: 'react',
138 silly mapToRegistry   rawSpec: '',
138 silly mapToRegistry   spec: 'latest',
138 silly mapToRegistry   type: 'tag' }
139 silly mapToRegistry uri https://registry.npmjs.org/react
140 verbose addNameRange registry:https://registry.npmjs.org/react not in flight; fetching
141 silly resolveWithNewModule react-dom@15.5.4 checking installable status
142 silly cache add args [ 'react-dom@^15.5.2', null ]
143 verbose cache add spec react-dom@^15.5.2
144 silly cache add parsed spec Result {
144 silly cache add   raw: 'react-dom@^15.5.2',
144 silly cache add   scope: null,
144 silly cache add   escapedName: 'react-dom',
144 silly cache add   name: 'react-dom',
144 silly cache add   rawSpec: '^15.5.2',
144 silly cache add   spec: '>=15.5.2 <16.0.0',
144 silly cache add   type: 'range' }
145 silly addNamed react-dom@>=15.5.2 <16.0.0
146 verbose addNamed ">=15.5.2 <16.0.0" is a valid semver range for react-dom
147 silly addNameRange { name: 'react-dom', range: '>=15.5.2 <16.0.0', hasData: false }
148 silly mapToRegistry name react-dom
149 silly mapToRegistry using default registry
150 silly mapToRegistry registry https://registry.npmjs.org/
151 silly mapToRegistry data Result {
151 silly mapToRegistry   raw: 'react-dom',
151 silly mapToRegistry   scope: null,
151 silly mapToRegistry   escapedName: 'react-dom',
151 silly mapToRegistry   name: 'react-dom',
151 silly mapToRegistry   rawSpec: '',
151 silly mapToRegistry   spec: 'latest',
151 silly mapToRegistry   type: 'tag' }
152 silly mapToRegistry uri https://registry.npmjs.org/react-dom
153 verbose addNameRange registry:https://registry.npmjs.org/react-dom not in flight; fetching
154 verbose get https://registry.npmjs.org/react-dom not expired, no request
155 silly addNameRange number 2 { name: 'react-dom', range: '>=15.5.2 <16.0.0', hasData: true }
156 silly addNameRange versions [ 'react-dom',
156 silly addNameRange   [ '0.1.0',
156 silly addNameRange     '0.14.0-beta1',
156 silly addNameRange     '0.14.0-beta2',
156 silly addNameRange     '0.14.0-beta3',
156 silly addNameRange     '0.14.0-rc1',
156 silly addNameRange     '0.14.0',
156 silly addNameRange     '0.14.1',
156 silly addNameRange     '0.14.2',
156 silly addNameRange     '0.14.3',
156 silly addNameRange     '0.14.4',
156 silly addNameRange     '0.14.5',
156 silly addNameRange     '0.14.6',
156 silly addNameRange     '0.15.0-alpha.1',
156 silly addNameRange     '0.14.7',
156 silly addNameRange     '15.0.0-rc.1',
156 silly addNameRange     '15.0.0-rc.2',
156 silly addNameRange     '0.14.8',
156 silly addNameRange     '15.0.0',
156 silly addNameRange     '15.0.1',
156 silly addNameRange     '15.0.2-alpha.1',
156 silly addNameRange     '15.0.2-alpha.2',
156 silly addNameRange     '15.0.2-alpha.3',
156 silly addNameRange     '15.0.2-alpha.4',
156 silly addNameRange     '15.0.2',
156 silly addNameRange     '15.0.3-alpha.1',
156 silly addNameRange     '15.0.3-alpha.2',
156 silly addNameRange     '15.1.0-alpha.1',
156 silly addNameRange     '15.1.0',
156 silly addNameRange     '15.2.0-rc.1',
156 silly addNameRange     '15.2.0-rc.2',
156 silly addNameRange     '15.2.0',
156 silly addNameRange     '15.2.1',
156 silly addNameRange     '15.3.0-rc.1',
156 silly addNameRange     '15.3.0-rc.2',
156 silly addNameRange     '15.3.0-rc.3',
156 silly addNameRange     '15.3.0',
156 silly addNameRange     '15.3.1-rc.1',
156 silly addNameRange     '15.3.1-rc.2',
156 silly addNameRange     '15.3.1',
156 silly addNameRange     '15.3.2-rc.1',
156 silly addNameRange     '15.3.2',
156 silly addNameRange     '15.4.0-rc.1',
156 silly addNameRange     '15.4.0-rc.2',
156 silly addNameRange     '15.4.0-rc.3',
156 silly addNameRange     '15.4.0-rc.4',
156 silly addNameRange     '15.4.0',
156 silly addNameRange     '15.4.1',
156 silly addNameRange     '15.4.2',
156 silly addNameRange     '16.0.0-alpha',
156 silly addNameRange     '16.0.0-alpha.0',
156 silly addNameRange     '16.0.0-alpha.2',
156 silly addNameRange     '16.0.0-alpha.3',
156 silly addNameRange     '16.0.0-alpha.4',
156 silly addNameRange     '16.0.0-alpha.5',
156 silly addNameRange     '16.0.0-alpha.6',
156 silly addNameRange     '15.5.0-rc.1',
156 silly addNameRange     '16.0.0-alpha.7',
156 silly addNameRange     '15.5.0-rc.2',
156 silly addNameRange     '16.0.0-alpha.8',
156 silly addNameRange     '15.5.0',
156 silly addNameRange     '15.5.1',
156 silly addNameRange     '15.5.2',
156 silly addNameRange     '15.5.3',
156 silly addNameRange     '15.5.4',
156 silly addNameRange     '16.0.0-alpha.9',
156 silly addNameRange     '0.14.9',
156 silly addNameRange     '16.0.0-alpha.10',
156 silly addNameRange     '16.0.0-alpha.11' ] ]
157 silly addNamed react-dom@15.5.4
158 verbose addNamed "15.5.4" is a plain semver version for react-dom
159 verbose get https://registry.npmjs.org/react not expired, no request
160 silly addNameRange number 2 { name: 'react', range: '>=15.5.2 <16.0.0', hasData: true }
161 silly addNameRange versions [ 'react',
161 silly addNameRange   [ '0.0.1',
161 silly addNameRange     '0.0.2',
161 silly addNameRange     '0.0.3',
161 silly addNameRange     '0.1.2',
161 silly addNameRange     '0.2.0',
161 silly addNameRange     '0.2.1',
161 silly addNameRange     '0.2.2',
161 silly addNameRange     '0.2.3',
161 silly addNameRange     '0.2.4',
161 silly addNameRange     '0.2.5',
161 silly addNameRange     '0.2.6',
161 silly addNameRange     '0.3.0',
161 silly addNameRange     '0.3.4',
161 silly addNameRange     '0.3.5',
161 silly addNameRange     '0.5.0',
161 silly addNameRange     '0.5.1',
161 silly addNameRange     '0.5.2',
161 silly addNameRange     '0.6.0',
161 silly addNameRange     '0.6.1',
161 silly addNameRange     '0.6.2',
161 silly addNameRange     '0.6.3',
161 silly addNameRange     '0.7.0',
161 silly addNameRange     '0.7.1',
161 silly addNameRange     '0.8.0',
161 silly addNameRange     '0.9.0-rc1',
161 silly addNameRange     '0.9.0',
161 silly addNameRange     '0.10.0-rc1',
161 silly addNameRange     '0.10.0',
161 silly addNameRange     '0.11.0-rc1',
161 silly addNameRange     '0.11.0',
161 silly addNameRange     '0.11.1',
161 silly addNameRange     '0.11.2',
161 silly addNameRange     '0.12.0-rc1',
161 silly addNameRange     '0.12.0',
161 silly addNameRange     '0.12.1',
161 silly addNameRange     '0.12.2',
161 silly addNameRange     '0.13.0-alpha.1',
161 silly addNameRange     '0.13.0-alpha.2',
161 silly addNameRange     '0.13.0-beta.1',
161 silly addNameRange     '0.13.0-beta.2',
161 silly addNameRange     '0.13.0-rc1',
161 silly addNameRange     '0.13.0-rc2',
161 silly addNameRange     '0.13.0',
161 silly addNameRange     '0.13.1',
161 silly addNameRange     '0.13.2',
161 silly addNameRange     '0.13.3',
161 silly addNameRange     '0.14.0-alpha1',
161 silly addNameRange     '0.14.0-alpha2',
161 silly addNameRange     '0.14.0-alpha3',
161 silly addNameRange     '0.14.0-beta1',
161 silly addNameRange     '0.14.0-beta2',
161 silly addNameRange     '0.14.0-beta3',
161 silly addNameRange     '0.14.0-rc1',
161 silly addNameRange     '0.14.0',
161 silly addNameRange     '0.14.1',
161 silly addNameRange     '0.14.2',
161 silly addNameRange     '0.14.3',
161 silly addNameRange     '0.14.4',
161 silly addNameRange     '0.14.5',
161 silly addNameRange     '0.14.6',
161 silly addNameRange     '0.15.0-alpha.1',
161 silly addNameRange     '0.14.7',
161 silly addNameRange     '15.0.0-rc.1',
161 silly addNameRange     '15.0.0-rc.2',
161 silly addNameRange     '0.14.8',
161 silly addNameRange     '15.0.0',
161 silly addNameRange     '15.0.1',
161 silly addNameRange     '15.0.2-alpha.1',
161 silly addNameRange     '15.0.2-alpha.2',
161 silly addNameRange     '15.0.2-alpha.3',
161 silly addNameRange     '15.0.2-alpha.4',
161 silly addNameRange     '15.0.2',
161 silly addNameRange     '15.0.3-alpha.1',
161 silly addNameRange     '15.0.3-alpha.2',
161 silly addNameRange     '15.1.0-alpha.1',
161 silly addNameRange     '15.1.0',
161 silly addNameRange     '15.2.0-rc.1',
161 silly addNameRange     '15.2.0-rc.2',
161 silly addNameRange     '15.2.0',
161 silly addNameRange     '15.2.1',
161 silly addNameRange     '15.3.0-rc.1',
161 silly addNameRange     '15.3.0-rc.2',
161 silly addNameRange     '15.3.0-rc.3',
161 silly addNameRange     '15.3.0',
161 silly addNameRange     '15.3.1-rc.1',
161 silly addNameRange     '15.3.1-rc.2',
161 silly addNameRange     '15.3.1',
161 silly addNameRange     '15.3.2-rc.1',
161 silly addNameRange     '15.3.2',
161 silly addNameRange     '15.4.0-rc.1',
161 silly addNameRange     '15.4.0-rc.2',
161 silly addNameRange     '15.4.0-rc.3',
161 silly addNameRange     '15.4.0-rc.4',
161 silly addNameRange     '15.4.0',
161 silly addNameRange     '15.4.1',
161 silly addNameRange     '15.4.2',
161 silly addNameRange     '16.0.0-alpha',
161 silly addNameRange     '16.0.0-alpha.0',
161 silly addNameRange     '16.0.0-alpha.2',
161 silly addNameRange     '16.0.0-alpha.3',
161 silly addNameRange     ... 16 more items ] ]
162 silly addNamed react@15.5.4
163 verbose addNamed "15.5.4" is a plain semver version for react
164 silly cache afterAdd postcss-modules-values@1.2.2
165 verbose afterAdd /home/wjn/.npm/postcss-modules-values/1.2.2/package/package.json not in flight; writing
166 verbose correctMkdir /home/wjn/.npm correctMkdir not in flight; initializing
167 silly cache afterAdd postcss-loader@1.3.3
168 verbose afterAdd /home/wjn/.npm/postcss-loader/1.3.3/package/package.json not in flight; writing
169 verbose correctMkdir /home/wjn/.npm correctMkdir not in flight; initializing
170 verbose afterAdd /home/wjn/.npm/postcss-modules-values/1.2.2/package/package.json written
171 verbose afterAdd /home/wjn/.npm/postcss-loader/1.3.3/package/package.json written
172 silly cache afterAdd react-dom@15.5.4
173 verbose afterAdd /home/wjn/.npm/react-dom/15.5.4/package/package.json not in flight; writing
174 verbose correctMkdir /home/wjn/.npm correctMkdir not in flight; initializing
175 verbose afterAdd /home/wjn/.npm/react-dom/15.5.4/package/package.json written
176 silly cache afterAdd react@15.5.4
177 verbose afterAdd /home/wjn/.npm/react/15.5.4/package/package.json not in flight; writing
178 verbose correctMkdir /home/wjn/.npm correctMkdir not in flight; initializing
179 verbose afterAdd /home/wjn/.npm/react/15.5.4/package/package.json written
180 silly fetchNamedPackageData loader-utils
181 silly mapToRegistry name loader-utils
182 silly mapToRegistry using default registry
183 silly mapToRegistry registry https://registry.npmjs.org/
184 silly mapToRegistry data Result {
184 silly mapToRegistry   raw: 'loader-utils',
184 silly mapToRegistry   scope: null,
184 silly mapToRegistry   escapedName: 'loader-utils',
184 silly mapToRegistry   name: 'loader-utils',
184 silly mapToRegistry   rawSpec: '',
184 silly mapToRegistry   spec: 'latest',
184 silly mapToRegistry   type: 'tag' }
185 silly mapToRegistry uri https://registry.npmjs.org/loader-utils
186 silly fetchNamedPackageData object-assign
187 silly mapToRegistry name object-assign
188 silly mapToRegistry using default registry
189 silly mapToRegistry registry https://registry.npmjs.org/
190 silly mapToRegistry data Result {
190 silly mapToRegistry   raw: 'object-assign',
190 silly mapToRegistry   scope: null,
190 silly mapToRegistry   escapedName: 'object-assign',
190 silly mapToRegistry   name: 'object-assign',
190 silly mapToRegistry   rawSpec: '',
190 silly mapToRegistry   spec: 'latest',
190 silly mapToRegistry   type: 'tag' }
191 silly mapToRegistry uri https://registry.npmjs.org/object-assign
192 silly fetchNamedPackageData postcss
193 silly mapToRegistry name postcss
194 silly mapToRegistry using default registry
195 silly mapToRegistry registry https://registry.npmjs.org/
196 silly mapToRegistry data Result {
196 silly mapToRegistry   raw: 'postcss',
196 silly mapToRegistry   scope: null,
196 silly mapToRegistry   escapedName: 'postcss',
196 silly mapToRegistry   name: 'postcss',
196 silly mapToRegistry   rawSpec: '',
196 silly mapToRegistry   spec: 'latest',
196 silly mapToRegistry   type: 'tag' }
197 silly mapToRegistry uri https://registry.npmjs.org/postcss
198 silly fetchNamedPackageData postcss-load-config
199 silly mapToRegistry name postcss-load-config
200 silly mapToRegistry using default registry
201 silly mapToRegistry registry https://registry.npmjs.org/
202 silly mapToRegistry data Result {
202 silly mapToRegistry   raw: 'postcss-load-config',
202 silly mapToRegistry   scope: null,
202 silly mapToRegistry   escapedName: 'postcss-load-config',
202 silly mapToRegistry   name: 'postcss-load-config',
202 silly mapToRegistry   rawSpec: '',
202 silly mapToRegistry   spec: 'latest',
202 silly mapToRegistry   type: 'tag' }
203 silly mapToRegistry uri https://registry.npmjs.org/postcss-load-config
204 verbose request uri https://registry.npmjs.org/postcss-load-config
205 verbose request no auth needed
206 info attempt registry request try #1 at 17:59:17
207 verbose etag W/"58e9d243-70e8"
208 verbose lastModified Sun, 09 Apr 2017 06:18:43 GMT
209 http request GET https://registry.npmjs.org/postcss-load-config
210 verbose request uri https://registry.npmjs.org/object-assign
211 verbose request no auth needed
212 info attempt registry request try #1 at 17:59:17
213 verbose etag W/"58f225d4-5d36"
214 verbose lastModified Sat, 15 Apr 2017 13:53:24 GMT
215 http request GET https://registry.npmjs.org/object-assign
216 verbose request uri https://registry.npmjs.org/loader-utils
217 verbose request no auth needed
218 info attempt registry request try #1 at 17:59:17
219 verbose etag W/"58dff195-a2f2"
220 verbose lastModified Sat, 01 Apr 2017 18:29:41 GMT
221 http request GET https://registry.npmjs.org/loader-utils
222 verbose request uri https://registry.npmjs.org/postcss
223 verbose request no auth needed
224 info attempt registry request try #1 at 17:59:17
225 verbose etag W/"58f899a7-297e3"
226 verbose lastModified Thu, 20 Apr 2017 11:21:11 GMT
227 http request GET https://registry.npmjs.org/postcss
228 http 304 https://registry.npmjs.org/postcss-load-config
229 verbose headers { date: 'Thu, 27 Apr 2017 09:59:17 GMT',
229 verbose headers   via: '1.1 varnish',
229 verbose headers   'cache-control': 'max-age=300',
229 verbose headers   etag: 'W/"58e9d243-70e8"',
229 verbose headers   age: '215',
229 verbose headers   connection: 'keep-alive',
229 verbose headers   'x-served-by': 'cache-hkg6821-HKG',
229 verbose headers   'x-cache': 'HIT',
229 verbose headers   'x-cache-hits': '1',
229 verbose headers   'x-timer': 'S1493287157.450598,VS0,VE0',
229 verbose headers   vary: 'Accept-Encoding' }
230 silly get cb [ 304,
230 silly get   { date: 'Thu, 27 Apr 2017 09:59:17 GMT',
230 silly get     via: '1.1 varnish',
230 silly get     'cache-control': 'max-age=300',
230 silly get     etag: 'W/"58e9d243-70e8"',
230 silly get     age: '215',
230 silly get     connection: 'keep-alive',
230 silly get     'x-served-by': 'cache-hkg6821-HKG',
230 silly get     'x-cache': 'HIT',
230 silly get     'x-cache-hits': '1',
230 silly get     'x-timer': 'S1493287157.450598,VS0,VE0',
230 silly get     vary: 'Accept-Encoding' } ]
231 verbose etag https://registry.npmjs.org/postcss-load-config from cache
232 verbose get saving postcss-load-config to /home/wjn/.npm/registry.npmjs.org/postcss-load-config/.cache.json
233 verbose correctMkdir /home/wjn/.npm correctMkdir not in flight; initializing
234 http 304 https://registry.npmjs.org/loader-utils
235 verbose headers { date: 'Thu, 27 Apr 2017 09:59:17 GMT',
235 verbose headers   via: '1.1 varnish',
235 verbose headers   'cache-control': 'max-age=300',
235 verbose headers   etag: 'W/"58dff195-a2f2"',
235 verbose headers   age: '296',
235 verbose headers   connection: 'keep-alive',
235 verbose headers   'x-served-by': 'cache-hkg6823-HKG',
235 verbose headers   'x-cache': 'HIT',
235 verbose headers   'x-cache-hits': '3',
235 verbose headers   'x-timer': 'S1493287157.456570,VS0,VE0',
235 verbose headers   vary: 'Accept-Encoding' }
236 silly get cb [ 304,
236 silly get   { date: 'Thu, 27 Apr 2017 09:59:17 GMT',
236 silly get     via: '1.1 varnish',
236 silly get     'cache-control': 'max-age=300',
236 silly get     etag: 'W/"58dff195-a2f2"',
236 silly get     age: '296',
236 silly get     connection: 'keep-alive',
236 silly get     'x-served-by': 'cache-hkg6823-HKG',
236 silly get     'x-cache': 'HIT',
236 silly get     'x-cache-hits': '3',
236 silly get     'x-timer': 'S1493287157.456570,VS0,VE0',
236 silly get     vary: 'Accept-Encoding' } ]
237 verbose etag https://registry.npmjs.org/loader-utils from cache
238 verbose get saving loader-utils to /home/wjn/.npm/registry.npmjs.org/loader-utils/.cache.json
239 verbose correctMkdir /home/wjn/.npm correctMkdir not in flight; initializing
240 http 304 https://registry.npmjs.org/object-assign
241 verbose headers { date: 'Thu, 27 Apr 2017 09:59:17 GMT',
241 verbose headers   via: '1.1 varnish',
241 verbose headers   'cache-control': 'max-age=300',
241 verbose headers   etag: 'W/"58f225d4-5d36"',
241 verbose headers   age: '122',
241 verbose headers   connection: 'keep-alive',
241 verbose headers   'x-served-by': 'cache-hkg6820-HKG',
241 verbose headers   'x-cache': 'HIT',
241 verbose headers   'x-cache-hits': '14',
241 verbose headers   'x-timer': 'S1493287157.457528,VS0,VE0',
241 verbose headers   vary: 'Accept-Encoding' }
242 silly get cb [ 304,
242 silly get   { date: 'Thu, 27 Apr 2017 09:59:17 GMT',
242 silly get     via: '1.1 varnish',
242 silly get     'cache-control': 'max-age=300',
242 silly get     etag: 'W/"58f225d4-5d36"',
242 silly get     age: '122',
242 silly get     connection: 'keep-alive',
242 silly get     'x-served-by': 'cache-hkg6820-HKG',
242 silly get     'x-cache': 'HIT',
242 silly get     'x-cache-hits': '14',
242 silly get     'x-timer': 'S1493287157.457528,VS0,VE0',
242 silly get     vary: 'Accept-Encoding' } ]
243 verbose etag https://registry.npmjs.org/object-assign from cache
244 verbose get saving object-assign to /home/wjn/.npm/registry.npmjs.org/object-assign/.cache.json
245 verbose correctMkdir /home/wjn/.npm correctMkdir not in flight; initializing
246 http 304 https://registry.npmjs.org/postcss
247 verbose headers { date: 'Thu, 27 Apr 2017 09:59:17 GMT',
247 verbose headers   via: '1.1 varnish',
247 verbose headers   'cache-control': 'max-age=300',
247 verbose headers   etag: 'W/"58f899a7-297e3"',
247 verbose headers   age: '104',
247 verbose headers   connection: 'keep-alive',
247 verbose headers   'x-served-by': 'cache-hkg6826-HKG',
247 verbose headers   'x-cache': 'HIT',
247 verbose headers   'x-cache-hits': '2',
247 verbose headers   'x-timer': 'S1493287157.460886,VS0,VE0',
247 verbose headers   vary: 'Accept-Encoding' }
248 silly get cb [ 304,
248 silly get   { date: 'Thu, 27 Apr 2017 09:59:17 GMT',
248 silly get     via: '1.1 varnish',
248 silly get     'cache-control': 'max-age=300',
248 silly get     etag: 'W/"58f899a7-297e3"',
248 silly get     age: '104',
248 silly get     connection: 'keep-alive',
248 silly get     'x-served-by': 'cache-hkg6826-HKG',
248 silly get     'x-cache': 'HIT',
248 silly get     'x-cache-hits': '2',
248 silly get     'x-timer': 'S1493287157.460886,VS0,VE0',
248 silly get     vary: 'Accept-Encoding' } ]
249 verbose etag https://registry.npmjs.org/postcss from cache
250 verbose get saving postcss to /home/wjn/.npm/registry.npmjs.org/postcss/.cache.json
251 verbose correctMkdir /home/wjn/.npm correctMkdir not in flight; initializing
252 silly resolveWithNewModule postcss-load-config@1.2.0 checking installable status
253 silly cache add args [ 'postcss-load-config@^1.2.0', null ]
254 verbose cache add spec postcss-load-config@^1.2.0
255 silly cache add parsed spec Result {
255 silly cache add   raw: 'postcss-load-config@^1.2.0',
255 silly cache add   scope: null,
255 silly cache add   escapedName: 'postcss-load-config',
255 silly cache add   name: 'postcss-load-config',
255 silly cache add   rawSpec: '^1.2.0',
255 silly cache add   spec: '>=1.2.0 <2.0.0',
255 silly cache add   type: 'range' }
256 silly addNamed postcss-load-config@>=1.2.0 <2.0.0
257 verbose addNamed ">=1.2.0 <2.0.0" is a valid semver range for postcss-load-config
258 silly addNameRange { name: 'postcss-load-config',
258 silly addNameRange   range: '>=1.2.0 <2.0.0',
258 silly addNameRange   hasData: false }
259 silly mapToRegistry name postcss-load-config
260 silly mapToRegistry using default registry
261 silly mapToRegistry registry https://registry.npmjs.org/
262 silly mapToRegistry data Result {
262 silly mapToRegistry   raw: 'postcss-load-config',
262 silly mapToRegistry   scope: null,
262 silly mapToRegistry   escapedName: 'postcss-load-config',
262 silly mapToRegistry   name: 'postcss-load-config',
262 silly mapToRegistry   rawSpec: '',
262 silly mapToRegistry   spec: 'latest',
262 silly mapToRegistry   type: 'tag' }
263 silly mapToRegistry uri https://registry.npmjs.org/postcss-load-config
264 verbose addNameRange registry:https://registry.npmjs.org/postcss-load-config not in flight; fetching
265 silly resolveWithNewModule loader-utils@1.1.0 checking installable status
266 silly cache add args [ 'loader-utils@^1.0.2', null ]
267 verbose cache add spec loader-utils@^1.0.2
268 silly cache add parsed spec Result {
268 silly cache add   raw: 'loader-utils@^1.0.2',
268 silly cache add   scope: null,
268 silly cache add   escapedName: 'loader-utils',
268 silly cache add   name: 'loader-utils',
268 silly cache add   rawSpec: '^1.0.2',
268 silly cache add   spec: '>=1.0.2 <2.0.0',
268 silly cache add   type: 'range' }
269 silly addNamed loader-utils@>=1.0.2 <2.0.0
270 verbose addNamed ">=1.0.2 <2.0.0" is a valid semver range for loader-utils
271 silly addNameRange { name: 'loader-utils', range: '>=1.0.2 <2.0.0', hasData: false }
272 silly mapToRegistry name loader-utils
273 silly mapToRegistry using default registry
274 silly mapToRegistry registry https://registry.npmjs.org/
275 silly mapToRegistry data Result {
275 silly mapToRegistry   raw: 'loader-utils',
275 silly mapToRegistry   scope: null,
275 silly mapToRegistry   escapedName: 'loader-utils',
275 silly mapToRegistry   name: 'loader-utils',
275 silly mapToRegistry   rawSpec: '',
275 silly mapToRegistry   spec: 'latest',
275 silly mapToRegistry   type: 'tag' }
276 silly mapToRegistry uri https://registry.npmjs.org/loader-utils
277 verbose addNameRange registry:https://registry.npmjs.org/loader-utils not in flight; fetching
278 silly resolveWithNewModule object-assign@4.1.1 checking installable status
279 silly cache add args [ 'object-assign@^4.1.1', null ]
280 verbose cache add spec object-assign@^4.1.1
281 silly cache add parsed spec Result {
281 silly cache add   raw: 'object-assign@^4.1.1',
281 silly cache add   scope: null,
281 silly cache add   escapedName: 'object-assign',
281 silly cache add   name: 'object-assign',
281 silly cache add   rawSpec: '^4.1.1',
281 silly cache add   spec: '>=4.1.1 <5.0.0',
281 silly cache add   type: 'range' }
282 silly addNamed object-assign@>=4.1.1 <5.0.0
283 verbose addNamed ">=4.1.1 <5.0.0" is a valid semver range for object-assign
284 silly addNameRange { name: 'object-assign',
284 silly addNameRange   range: '>=4.1.1 <5.0.0',
284 silly addNameRange   hasData: false }
285 silly mapToRegistry name object-assign
286 silly mapToRegistry using default registry
287 silly mapToRegistry registry https://registry.npmjs.org/
288 silly mapToRegistry data Result {
288 silly mapToRegistry   raw: 'object-assign',
288 silly mapToRegistry   scope: null,
288 silly mapToRegistry   escapedName: 'object-assign',
288 silly mapToRegistry   name: 'object-assign',
288 silly mapToRegistry   rawSpec: '',
288 silly mapToRegistry   spec: 'latest',
288 silly mapToRegistry   type: 'tag' }
289 silly mapToRegistry uri https://registry.npmjs.org/object-assign
290 verbose addNameRange registry:https://registry.npmjs.org/object-assign not in flight; fetching
291 verbose get https://registry.npmjs.org/postcss-load-config not expired, no request
292 silly addNameRange number 2 { name: 'postcss-load-config',
292 silly addNameRange   range: '>=1.2.0 <2.0.0',
292 silly addNameRange   hasData: true }
293 silly addNameRange versions [ 'postcss-load-config',
293 silly addNameRange   [ '1.0.0-alpha',
293 silly addNameRange     '1.0.0-alpha2',
293 silly addNameRange     '1.0.0-alpha3',
293 silly addNameRange     '1.0.0-alpha4',
293 silly addNameRange     '1.0.0-beta',
293 silly addNameRange     '1.0.0-rc',
293 silly addNameRange     '1.0.0',
293 silly addNameRange     '1.1.0',
293 silly addNameRange     '1.2.0' ] ]
294 silly addNamed postcss-load-config@1.2.0
295 verbose addNamed "1.2.0" is a plain semver version for postcss-load-config
296 verbose get https://registry.npmjs.org/loader-utils not expired, no request
297 silly addNameRange number 2 { name: 'loader-utils', range: '>=1.0.2 <2.0.0', hasData: true }
298 silly addNameRange versions [ 'loader-utils',
298 silly addNameRange   [ '0.1.0',
298 silly addNameRange     '0.1.1',
298 silly addNameRange     '0.1.2',
298 silly addNameRange     '0.2.0',
298 silly addNameRange     '0.2.1',
298 silly addNameRange     '0.2.2',
298 silly addNameRange     '0.2.3',
298 silly addNameRange     '0.2.4',
298 silly addNameRange     '0.2.5',
298 silly addNameRange     '0.2.6',
298 silly addNameRange     '0.2.7',
298 silly addNameRange     '0.2.8',
298 silly addNameRange     '0.2.9',
298 silly addNameRange     '0.2.10',
298 silly addNameRange     '0.2.11',
298 silly addNameRange     '0.2.12',
298 silly addNameRange     '0.2.13',
298 silly addNameRange     '0.2.14',
298 silly addNameRange     '0.2.15',
298 silly addNameRange     '0.2.16',
298 silly addNameRange     '0.2.17',
298 silly addNameRange     '1.0.0',
298 silly addNameRange     '1.0.1',
298 silly addNameRange     '1.0.2',
298 silly addNameRange     '1.0.3',
298 silly addNameRange     '1.0.4',
298 silly addNameRange     '1.1.0' ] ]
299 silly addNamed loader-utils@1.1.0
300 verbose addNamed "1.1.0" is a plain semver version for loader-utils
301 verbose get https://registry.npmjs.org/object-assign not expired, no request
302 silly addNameRange number 2 { name: 'object-assign', range: '>=4.1.1 <5.0.0', hasData: true }
303 silly addNameRange versions [ 'object-assign',
303 silly addNameRange   [ '0.1.0',
303 silly addNameRange     '0.1.1',
303 silly addNameRange     '0.1.2',
303 silly addNameRange     '0.2.0',
303 silly addNameRange     '0.2.1',
303 silly addNameRange     '0.2.2',
303 silly addNameRange     '0.3.0',
303 silly addNameRange     '0.3.1',
303 silly addNameRange     '0.4.0',
303 silly addNameRange     '1.0.0',
303 silly addNameRange     '2.0.0',
303 silly addNameRange     '3.0.0',
303 silly addNameRange     '2.1.1',
303 silly addNameRange     '4.0.0',
303 silly addNameRange     '4.0.1',
303 silly addNameRange     '4.1.0',
303 silly addNameRange     '4.1.1' ] ]
304 silly addNamed object-assign@4.1.1
305 verbose addNamed "4.1.1" is a plain semver version for object-assign
306 silly resolveWithNewModule postcss@5.2.17 checking installable status
307 silly cache add args [ 'postcss@^5.2.15', null ]
308 verbose cache add spec postcss@^5.2.15
309 silly cache add parsed spec Result {
309 silly cache add   raw: 'postcss@^5.2.15',
309 silly cache add   scope: null,
309 silly cache add   escapedName: 'postcss',
309 silly cache add   name: 'postcss',
309 silly cache add   rawSpec: '^5.2.15',
309 silly cache add   spec: '>=5.2.15 <6.0.0',
309 silly cache add   type: 'range' }
310 silly addNamed postcss@>=5.2.15 <6.0.0
311 verbose addNamed ">=5.2.15 <6.0.0" is a valid semver range for postcss
312 silly addNameRange { name: 'postcss', range: '>=5.2.15 <6.0.0', hasData: false }
313 silly mapToRegistry name postcss
314 silly mapToRegistry using default registry
315 silly mapToRegistry registry https://registry.npmjs.org/
316 silly mapToRegistry data Result {
316 silly mapToRegistry   raw: 'postcss',
316 silly mapToRegistry   scope: null,
316 silly mapToRegistry   escapedName: 'postcss',
316 silly mapToRegistry   name: 'postcss',
316 silly mapToRegistry   rawSpec: '',
316 silly mapToRegistry   spec: 'latest',
316 silly mapToRegistry   type: 'tag' }
317 silly mapToRegistry uri https://registry.npmjs.org/postcss
318 verbose addNameRange registry:https://registry.npmjs.org/postcss not in flight; fetching
319 verbose get https://registry.npmjs.org/postcss not expired, no request
320 silly addNameRange number 2 { name: 'postcss', range: '>=5.2.15 <6.0.0', hasData: true }
321 silly addNameRange versions [ 'postcss',
321 silly addNameRange   [ '0.1.0',
321 silly addNameRange     '0.2.0',
321 silly addNameRange     '0.3.0',
321 silly addNameRange     '0.3.1',
321 silly addNameRange     '0.3.2',
321 silly addNameRange     '0.3.3',
321 silly addNameRange     '0.3.4',
321 silly addNameRange     '0.3.5',
321 silly addNameRange     '1.0.0',
321 silly addNameRange     '2.0.0',
321 silly addNameRange     '2.1.0',
321 silly addNameRange     '2.1.1',
321 silly addNameRange     '2.1.2',
321 silly addNameRange     '2.2.0',
321 silly addNameRange     '2.2.1',
321 silly addNameRange     '2.2.2',
321 silly addNameRange     '2.2.3',
321 silly addNameRange     '2.2.4',
321 silly addNameRange     '2.2.5',
321 silly addNameRange     '2.2.6',
321 silly addNameRange     '3.0.0',
321 silly addNameRange     '3.0.1',
321 silly addNameRange     '3.0.2',
321 silly addNameRange     '3.0.3',
321 silly addNameRange     '3.0.4',
321 silly addNameRange     '3.0.5',
321 silly addNameRange     '3.0.6',
321 silly addNameRange     '3.0.7',
321 silly addNameRange     '4.0.0',
321 silly addNameRange     '4.0.1',
321 silly addNameRange     '4.0.2',
321 silly addNameRange     '4.0.3',
321 silly addNameRange     '4.0.4',
321 silly addNameRange     '4.0.5',
321 silly addNameRange     '4.0.6',
321 silly addNameRange     '4.1.0',
321 silly addNameRange     '4.1.1',
321 silly addNameRange     '4.1.2',
321 silly addNameRange     '4.1.3',
321 silly addNameRange     '4.1.4',
321 silly addNameRange     '4.1.5',
321 silly addNameRange     '4.1.6',
321 silly addNameRange     '4.1.7',
321 silly addNameRange     '4.1.8',
321 silly addNameRange     '4.1.9',
321 silly addNameRange     '4.1.10',
321 silly addNameRange     '4.1.11',
321 silly addNameRange     '4.1.12',
321 silly addNameRange     '4.1.13',
321 silly addNameRange     '4.1.14',
321 silly addNameRange     '4.1.15',
321 silly addNameRange     '4.1.16',
321 silly addNameRange     '5.0.0',
321 silly addNameRange     '5.0.1',
321 silly addNameRange     '5.0.2',
321 silly addNameRange     '5.0.3',
321 silly addNameRange     '5.0.4',
321 silly addNameRange     '5.0.5',
321 silly addNameRange     '5.0.6',
321 silly addNameRange     '5.0.7',
321 silly addNameRange     '5.0.8',
321 silly addNameRange     '5.0.9',
321 silly addNameRange     '5.0.10',
321 silly addNameRange     '5.0.11',
321 silly addNameRange     '5.0.12',
321 silly addNameRange     '5.0.13',
321 silly addNameRange     '5.0.14',
321 silly addNameRange     '5.0.15',
321 silly addNameRange     '5.0.16',
321 silly addNameRange     '5.0.17',
321 silly addNameRange     '5.0.18',
321 silly addNameRange     '5.0.19',
321 silly addNameRange     '5.0.20',
321 silly addNameRange     '5.0.21',
321 silly addNameRange     '5.1.0',
321 silly addNameRange     '5.1.1',
321 silly addNameRange     '5.1.2',
321 silly addNameRange     '5.2.0',
321 silly addNameRange     '5.2.1',
321 silly addNameRange     '5.2.2',
321 silly addNameRange     '5.2.3',
321 silly addNameRange     '5.2.4',
321 silly addNameRange     '5.2.5',
321 silly addNameRange     '5.2.6',
321 silly addNameRange     '5.2.7',
321 silly addNameRange     '5.2.8',
321 silly addNameRange     '5.2.9',
321 silly addNameRange     '5.2.10',
321 silly addNameRange     '5.2.11',
321 silly addNameRange     '5.2.12',
321 silly addNameRange     '5.2.13',
321 silly addNameRange     '5.2.14',
321 silly addNameRange     '5.2.15',
321 silly addNameRange     '5.2.16',
321 silly addNameRange     '5.2.17' ] ]
322 silly addNamed postcss@5.2.17
323 verbose addNamed "5.2.17" is a plain semver version for postcss
324 silly cache afterAdd postcss-load-config@1.2.0
325 verbose afterAdd /home/wjn/.npm/postcss-load-config/1.2.0/package/package.json not in flight; writing
326 verbose correctMkdir /home/wjn/.npm correctMkdir not in flight; initializing
327 verbose afterAdd /home/wjn/.npm/postcss-load-config/1.2.0/package/package.json written
328 silly cache afterAdd loader-utils@1.1.0
329 verbose afterAdd /home/wjn/.npm/loader-utils/1.1.0/package/package.json not in flight; writing
330 verbose correctMkdir /home/wjn/.npm correctMkdir not in flight; initializing
331 verbose afterAdd /home/wjn/.npm/loader-utils/1.1.0/package/package.json written
332 silly cache afterAdd postcss@5.2.17
333 verbose afterAdd /home/wjn/.npm/postcss/5.2.17/package/package.json not in flight; writing
334 verbose correctMkdir /home/wjn/.npm correctMkdir not in flight; initializing
335 verbose afterAdd /home/wjn/.npm/postcss/5.2.17/package/package.json written
336 silly cache afterAdd object-assign@4.1.1
337 verbose afterAdd /home/wjn/.npm/object-assign/4.1.1/package/package.json not in flight; writing
338 verbose correctMkdir /home/wjn/.npm correctMkdir not in flight; initializing
339 verbose afterAdd /home/wjn/.npm/object-assign/4.1.1/package/package.json written
340 silly fetchNamedPackageData big.js
341 silly mapToRegistry name big.js
342 silly mapToRegistry using default registry
343 silly mapToRegistry registry https://registry.npmjs.org/
344 silly mapToRegistry data Result {
344 silly mapToRegistry   raw: 'big.js',
344 silly mapToRegistry   scope: null,
344 silly mapToRegistry   escapedName: 'big.js',
344 silly mapToRegistry   name: 'big.js',
344 silly mapToRegistry   rawSpec: '',
344 silly mapToRegistry   spec: 'latest',
344 silly mapToRegistry   type: 'tag' }
345 silly mapToRegistry uri https://registry.npmjs.org/big.js
346 silly fetchNamedPackageData emojis-list
347 silly mapToRegistry name emojis-list
348 silly mapToRegistry using default registry
349 silly mapToRegistry registry https://registry.npmjs.org/
350 silly mapToRegistry data Result {
350 silly mapToRegistry   raw: 'emojis-list',
350 silly mapToRegistry   scope: null,
350 silly mapToRegistry   escapedName: 'emojis-list',
350 silly mapToRegistry   name: 'emojis-list',
350 silly mapToRegistry   rawSpec: '',
350 silly mapToRegistry   spec: 'latest',
350 silly mapToRegistry   type: 'tag' }
351 silly mapToRegistry uri https://registry.npmjs.org/emojis-list
352 silly fetchNamedPackageData json5
353 silly mapToRegistry name json5
354 silly mapToRegistry using default registry
355 silly mapToRegistry registry https://registry.npmjs.org/
356 silly mapToRegistry data Result {
356 silly mapToRegistry   raw: 'json5',
356 silly mapToRegistry   scope: null,
356 silly mapToRegistry   escapedName: 'json5',
356 silly mapToRegistry   name: 'json5',
356 silly mapToRegistry   rawSpec: '',
356 silly mapToRegistry   spec: 'latest',
356 silly mapToRegistry   type: 'tag' }
357 silly mapToRegistry uri https://registry.npmjs.org/json5
358 verbose request uri https://registry.npmjs.org/emojis-list
359 verbose request no auth needed
360 info attempt registry request try #1 at 17:59:17
361 verbose etag W/"582f83e1-345b"
362 verbose lastModified Fri, 18 Nov 2016 22:42:41 GMT
363 http request GET https://registry.npmjs.org/emojis-list
364 verbose request uri https://registry.npmjs.org/big.js
365 verbose request no auth needed
366 info attempt registry request try #1 at 17:59:17
367 verbose etag W/"586ccd9e-5b5b"
368 verbose lastModified Wed, 04 Jan 2017 10:25:34 GMT
369 http request GET https://registry.npmjs.org/big.js
370 verbose request uri https://registry.npmjs.org/json5
371 verbose request no auth needed
372 info attempt registry request try #1 at 17:59:17
373 verbose etag W/"58f99e37-465a"
374 verbose lastModified Fri, 21 Apr 2017 05:52:55 GMT
375 http request GET https://registry.npmjs.org/json5
376 http 304 https://registry.npmjs.org/emojis-list
377 verbose headers { date: 'Thu, 27 Apr 2017 09:59:17 GMT',
377 verbose headers   via: '1.1 varnish',
377 verbose headers   'cache-control': 'max-age=300',
377 verbose headers   etag: 'W/"582f83e1-345b"',
377 verbose headers   age: '122',
377 verbose headers   connection: 'keep-alive',
377 verbose headers   'x-served-by': 'cache-hkg6821-HKG',
377 verbose headers   'x-cache': 'HIT',
377 verbose headers   'x-cache-hits': '5',
377 verbose headers   'x-timer': 'S1493287158.626854,VS0,VE0',
377 verbose headers   vary: 'Accept-Encoding' }
378 silly get cb [ 304,
378 silly get   { date: 'Thu, 27 Apr 2017 09:59:17 GMT',
378 silly get     via: '1.1 varnish',
378 silly get     'cache-control': 'max-age=300',
378 silly get     etag: 'W/"582f83e1-345b"',
378 silly get     age: '122',
378 silly get     connection: 'keep-alive',
378 silly get     'x-served-by': 'cache-hkg6821-HKG',
378 silly get     'x-cache': 'HIT',
378 silly get     'x-cache-hits': '5',
378 silly get     'x-timer': 'S1493287158.626854,VS0,VE0',
378 silly get     vary: 'Accept-Encoding' } ]
379 verbose etag https://registry.npmjs.org/emojis-list from cache
380 verbose get saving emojis-list to /home/wjn/.npm/registry.npmjs.org/emojis-list/.cache.json
381 verbose correctMkdir /home/wjn/.npm correctMkdir not in flight; initializing
382 silly resolveWithNewModule emojis-list@2.1.0 checking installable status
383 silly cache add args [ 'emojis-list@^2.0.0', null ]
384 verbose cache add spec emojis-list@^2.0.0
385 silly cache add parsed spec Result {
385 silly cache add   raw: 'emojis-list@^2.0.0',
385 silly cache add   scope: null,
385 silly cache add   escapedName: 'emojis-list',
385 silly cache add   name: 'emojis-list',
385 silly cache add   rawSpec: '^2.0.0',
385 silly cache add   spec: '>=2.0.0 <3.0.0',
385 silly cache add   type: 'range' }
386 silly addNamed emojis-list@>=2.0.0 <3.0.0
387 verbose addNamed ">=2.0.0 <3.0.0" is a valid semver range for emojis-list
388 silly addNameRange { name: 'emojis-list', range: '>=2.0.0 <3.0.0', hasData: false }
389 silly mapToRegistry name emojis-list
390 silly mapToRegistry using default registry
391 silly mapToRegistry registry https://registry.npmjs.org/
392 silly mapToRegistry data Result {
392 silly mapToRegistry   raw: 'emojis-list',
392 silly mapToRegistry   scope: null,
392 silly mapToRegistry   escapedName: 'emojis-list',
392 silly mapToRegistry   name: 'emojis-list',
392 silly mapToRegistry   rawSpec: '',
392 silly mapToRegistry   spec: 'latest',
392 silly mapToRegistry   type: 'tag' }
393 silly mapToRegistry uri https://registry.npmjs.org/emojis-list
394 verbose addNameRange registry:https://registry.npmjs.org/emojis-list not in flight; fetching
395 http 304 https://registry.npmjs.org/big.js
396 verbose headers { date: 'Thu, 27 Apr 2017 09:59:17 GMT',
396 verbose headers   via: '1.1 varnish',
396 verbose headers   'cache-control': 'max-age=300',
396 verbose headers   etag: 'W/"586ccd9e-5b5b"',
396 verbose headers   age: '153',
396 verbose headers   connection: 'keep-alive',
396 verbose headers   'x-served-by': 'cache-hkg6823-HKG',
396 verbose headers   'x-cache': 'HIT',
396 verbose headers   'x-cache-hits': '1',
396 verbose headers   'x-timer': 'S1493287158.633543,VS0,VE0',
396 verbose headers   vary: 'Accept-Encoding' }
397 silly get cb [ 304,
397 silly get   { date: 'Thu, 27 Apr 2017 09:59:17 GMT',
397 silly get     via: '1.1 varnish',
397 silly get     'cache-control': 'max-age=300',
397 silly get     etag: 'W/"586ccd9e-5b5b"',
397 silly get     age: '153',
397 silly get     connection: 'keep-alive',
397 silly get     'x-served-by': 'cache-hkg6823-HKG',
397 silly get     'x-cache': 'HIT',
397 silly get     'x-cache-hits': '1',
397 silly get     'x-timer': 'S1493287158.633543,VS0,VE0',
397 silly get     vary: 'Accept-Encoding' } ]
398 verbose etag https://registry.npmjs.org/big.js from cache
399 verbose get saving big.js to /home/wjn/.npm/registry.npmjs.org/big.js/.cache.json
400 verbose correctMkdir /home/wjn/.npm correctMkdir not in flight; initializing
401 verbose get https://registry.npmjs.org/emojis-list not expired, no request
402 silly addNameRange number 2 { name: 'emojis-list', range: '>=2.0.0 <3.0.0', hasData: true }
403 silly addNameRange versions [ 'emojis-list',
403 silly addNameRange   [ '1.0.0', '1.0.1', '1.0.2', '1.0.3', '2.0.0', '2.0.1', '2.1.0' ] ]
404 silly addNamed emojis-list@2.1.0
405 verbose addNamed "2.1.0" is a plain semver version for emojis-list
406 silly cache afterAdd emojis-list@2.1.0
407 verbose afterAdd /home/wjn/.npm/emojis-list/2.1.0/package/package.json not in flight; writing
408 verbose correctMkdir /home/wjn/.npm correctMkdir not in flight; initializing
409 silly resolveWithNewModule big.js@3.1.3 checking installable status
410 silly cache add args [ 'big.js@^3.1.3', null ]
411 verbose cache add spec big.js@^3.1.3
412 silly cache add parsed spec Result {
412 silly cache add   raw: 'big.js@^3.1.3',
412 silly cache add   scope: null,
412 silly cache add   escapedName: 'big.js',
412 silly cache add   name: 'big.js',
412 silly cache add   rawSpec: '^3.1.3',
412 silly cache add   spec: '>=3.1.3 <4.0.0',
412 silly cache add   type: 'range' }
413 silly addNamed big.js@>=3.1.3 <4.0.0
414 verbose addNamed ">=3.1.3 <4.0.0" is a valid semver range for big.js
415 silly addNameRange { name: 'big.js', range: '>=3.1.3 <4.0.0', hasData: false }
416 silly mapToRegistry name big.js
417 silly mapToRegistry using default registry
418 silly mapToRegistry registry https://registry.npmjs.org/
419 silly mapToRegistry data Result {
419 silly mapToRegistry   raw: 'big.js',
419 silly mapToRegistry   scope: null,
419 silly mapToRegistry   escapedName: 'big.js',
419 silly mapToRegistry   name: 'big.js',
419 silly mapToRegistry   rawSpec: '',
419 silly mapToRegistry   spec: 'latest',
419 silly mapToRegistry   type: 'tag' }
420 silly mapToRegistry uri https://registry.npmjs.org/big.js
421 verbose addNameRange registry:https://registry.npmjs.org/big.js not in flight; fetching
422 http 304 https://registry.npmjs.org/json5
423 verbose headers { date: 'Thu, 27 Apr 2017 09:59:17 GMT',
423 verbose headers   via: '1.1 varnish',
423 verbose headers   'cache-control': 'max-age=300',
423 verbose headers   etag: 'W/"58f99e37-465a"',
423 verbose headers   age: '279',
423 verbose headers   connection: 'keep-alive',
423 verbose headers   'x-served-by': 'cache-hkg6820-HKG',
423 verbose headers   'x-cache': 'HIT',
423 verbose headers   'x-cache-hits': '5',
423 verbose headers   'x-timer': 'S1493287158.635688,VS0,VE0',
423 verbose headers   vary: 'Accept-Encoding' }
424 silly get cb [ 304,
424 silly get   { date: 'Thu, 27 Apr 2017 09:59:17 GMT',
424 silly get     via: '1.1 varnish',
424 silly get     'cache-control': 'max-age=300',
424 silly get     etag: 'W/"58f99e37-465a"',
424 silly get     age: '279',
424 silly get     connection: 'keep-alive',
424 silly get     'x-served-by': 'cache-hkg6820-HKG',
424 silly get     'x-cache': 'HIT',
424 silly get     'x-cache-hits': '5',
424 silly get     'x-timer': 'S1493287158.635688,VS0,VE0',
424 silly get     vary: 'Accept-Encoding' } ]
425 verbose etag https://registry.npmjs.org/json5 from cache
426 verbose get saving json5 to /home/wjn/.npm/registry.npmjs.org/json5/.cache.json
427 verbose correctMkdir /home/wjn/.npm correctMkdir not in flight; initializing
428 verbose get https://registry.npmjs.org/big.js not expired, no request
429 silly addNameRange number 2 { name: 'big.js', range: '>=3.1.3 <4.0.0', hasData: true }
430 silly addNameRange versions [ 'big.js',
430 silly addNameRange   [ '2.0.0',
430 silly addNameRange     '2.1.0',
430 silly addNameRange     '2.2.0',
430 silly addNameRange     '2.4.0',
430 silly addNameRange     '2.4.1',
430 silly addNameRange     '2.5.0',
430 silly addNameRange     '2.5.1',
430 silly addNameRange     '3.0.0',
430 silly addNameRange     '3.0.1',
430 silly addNameRange     '3.0.2',
430 silly addNameRange     '3.1.1',
430 silly addNameRange     '3.1.2',
430 silly addNameRange     '3.1.3' ] ]
431 silly addNamed big.js@3.1.3
432 verbose addNamed "3.1.3" is a plain semver version for big.js
433 verbose afterAdd /home/wjn/.npm/emojis-list/2.1.0/package/package.json written
434 silly resolveWithNewModule json5@0.5.1 checking installable status
435 silly cache add args [ 'json5@^0.5.0', null ]
436 verbose cache add spec json5@^0.5.0
437 silly cache add parsed spec Result {
437 silly cache add   raw: 'json5@^0.5.0',
437 silly cache add   scope: null,
437 silly cache add   escapedName: 'json5',
437 silly cache add   name: 'json5',
437 silly cache add   rawSpec: '^0.5.0',
437 silly cache add   spec: '>=0.5.0 <0.6.0',
437 silly cache add   type: 'range' }
438 silly addNamed json5@>=0.5.0 <0.6.0
439 verbose addNamed ">=0.5.0 <0.6.0" is a valid semver range for json5
440 silly addNameRange { name: 'json5', range: '>=0.5.0 <0.6.0', hasData: false }
441 silly mapToRegistry name json5
442 silly mapToRegistry using default registry
443 silly mapToRegistry registry https://registry.npmjs.org/
444 silly mapToRegistry data Result {
444 silly mapToRegistry   raw: 'json5',
444 silly mapToRegistry   scope: null,
444 silly mapToRegistry   escapedName: 'json5',
444 silly mapToRegistry   name: 'json5',
444 silly mapToRegistry   rawSpec: '',
444 silly mapToRegistry   spec: 'latest',
444 silly mapToRegistry   type: 'tag' }
445 silly mapToRegistry uri https://registry.npmjs.org/json5
446 verbose addNameRange registry:https://registry.npmjs.org/json5 not in flight; fetching
447 silly cache afterAdd big.js@3.1.3
448 verbose afterAdd /home/wjn/.npm/big.js/3.1.3/package/package.json not in flight; writing
449 verbose correctMkdir /home/wjn/.npm correctMkdir not in flight; initializing
450 verbose get https://registry.npmjs.org/json5 not expired, no request
451 silly addNameRange number 2 { name: 'json5', range: '>=0.5.0 <0.6.0', hasData: true }
452 silly addNameRange versions [ 'json5',
452 silly addNameRange   [ '0.0.0', '0.0.1', '0.1.0', '0.2.0', '0.4.0', '0.5.0', '0.5.1' ] ]
453 silly addNamed json5@0.5.1
454 verbose addNamed "0.5.1" is a plain semver version for json5
455 verbose afterAdd /home/wjn/.npm/big.js/3.1.3/package/package.json written
456 silly rollbackFailedOptional Starting
457 silly rollbackFailedOptional Finishing
458 silly runTopLevelLifecycles Finishing
459 silly install printInstalled
460 verbose stack Error: Failed to parse json
460 verbose stack Unexpected token '\u0000' at 1:1279
460 verbose stack g/big.js/-/big.js-3.1.3.tgz","readme":"ERROR: No README data found!"}          
460 verbose stack                                                                      ^
460 verbose stack     at parseError (/home/wjn/.nvm/versions/node/v7.4.0/lib/node_modules/npm/node_modules/read-package-json/read-json.js:390:11)
460 verbose stack     at parseJson (/home/wjn/.nvm/versions/node/v7.4.0/lib/node_modules/npm/node_modules/read-package-json/read-json.js:79:23)
460 verbose stack     at /home/wjn/.nvm/versions/node/v7.4.0/lib/node_modules/npm/node_modules/read-package-json/read-json.js:48:5
460 verbose stack     at /home/wjn/.nvm/versions/node/v7.4.0/lib/node_modules/npm/node_modules/graceful-fs/graceful-fs.js:78:16
460 verbose stack     at tryToString (fs.js:426:3)
460 verbose stack     at FSReqWrap.readFileAfterClose [as oncomplete] (fs.js:413:12)
461 verbose cwd /home/wjn/Desktop/boilerplate
462 error Linux 4.4.0-2-deepin-amd64
463 error argv "/home/wjn/.nvm/versions/node/v7.4.0/bin/node" "/home/wjn/.nvm/versions/node/v7.4.0/bin/npm" "install"
464 error node v7.4.0
465 error npm  v4.0.5
466 error file /home/wjn/.npm/json5/0.5.1/package/package.json
467 error code EJSONPARSE
468 error Failed to parse json
468 error Unexpected token '\u0000' at 1:1279
468 error g/big.js/-/big.js-3.1.3.tgz","readme":"ERROR: No README data found!"}          
468 error                                                                      ^
469 error File: /home/wjn/.npm/json5/0.5.1/package/package.json
470 error Failed to parse package.json data.
470 error package.json must be actual JSON, not just JavaScript.
470 error
470 error This is not a bug in npm.
470 error Tell the package author to fix their package.json file. JSON.parse
471 verbose exit [ 1, true ]
